# JRE version: Java(TM) SE Runtime Environment (8.0_231-b11) (build 1.8.0_231-b11)
# Java VM: Java HotSpot(TM) 64-Bit Server VM (25.231-b11 mixed mode windows-amd64 compressed oops)
Heap:
 PSYoungGen      total 164352K, used 126700K [0x00000000e0000000, 0x00000000eb180000, 0x0000000100000000)
  eden space 149504K, 74% used [0x00000000e0000000,0x00000000e6d3e378,0x00000000e9200000)
  from space 14848K, 99% used [0x00000000e9200000,0x00000000ea07d018,0x00000000ea080000)
  to   space 13312K, 0% used [0x00000000ea080000,0x00000000ea080000,0x00000000ead80000)
 ParOldGen       total 81408K, used 24080K [0x00000000a0000000, 0x00000000a4f80000, 0x00000000e0000000)
  object space 81408K, 29% used [0x00000000a0000000,0x00000000a1784370,0x00000000a4f80000)
 Metaspace       used 55957K, capacity 57720K, committed 57856K, reserved 1099776K
  class space    used 7711K, capacity 8149K, committed 8192K, reserved 1048576K
GC Heap History (10 events):
Event: 9.123 GC heap before
{Heap before GC invocations=5 (full 1):
 PSYoungGen      total 100864K, used 7656K [0x00000000e0000000, 0x00000000e6a00000, 0x0000000100000000)
  eden space 93184K, 0% used [0x00000000e0000000,0x00000000e0000000,0x00000000e5b00000)
  from space 7680K, 99% used [0x00000000e6280000,0x00000000e69fa050,0x00000000e6a00000)
  to   space 7680K, 0% used [0x00000000e5b00000,0x00000000e5b00000,0x00000000e6280000)
 ParOldGen       total 124416K, used 5621K [0x00000000a0000000, 0x00000000a7980000, 0x00000000e0000000)
  object space 124416K, 4% used [0x00000000a0000000,0x00000000a057d4e8,0x00000000a7980000)
 Metaspace       used 20524K, capacity 21076K, committed 21248K, reserved 1067008K
  class space    used 3053K, capacity 3223K, committed 3328K, reserved 1048576K
Event: 9.203 GC heap after
Heap after GC invocations=5 (full 1):
 PSYoungGen      total 100864K, used 0K [0x00000000e0000000, 0x00000000e6a00000, 0x0000000100000000)
  eden space 93184K, 0% used [0x00000000e0000000,0x00000000e0000000,0x00000000e5b00000)
  from space 7680K, 0% used [0x00000000e6280000,0x00000000e6280000,0x00000000e6a00000)
  to   space 7680K, 0% used [0x00000000e5b00000,0x00000000e5b00000,0x00000000e6280000)
 ParOldGen       total 81408K, used 10874K [0x00000000a0000000, 0x00000000a4f80000, 0x00000000e0000000)
  object space 81408K, 13% used [0x00000000a0000000,0x00000000a0a9ea18,0x00000000a4f80000)
 Metaspace       used 20524K, capacity 21076K, committed 21248K, reserved 1067008K
  class space    used 3053K, capacity 3223K, committed 3328K, reserved 1048576K
}
Event: 11.895 GC heap before
{Heap before GC invocations=6 (full 1):
 PSYoungGen      total 100864K, used 93184K [0x00000000e0000000, 0x00000000e6a00000, 0x0000000100000000)
  eden space 93184K, 100% used [0x00000000e0000000,0x00000000e5b00000,0x00000000e5b00000)
  from space 7680K, 0% used [0x00000000e6280000,0x00000000e6280000,0x00000000e6a00000)
  to   space 7680K, 0% used [0x00000000e5b00000,0x00000000e5b00000,0x00000000e6280000)
 ParOldGen       total 81408K, used 10874K [0x00000000a0000000, 0x00000000a4f80000, 0x00000000e0000000)
  object space 81408K, 13% used [0x00000000a0000000,0x00000000a0a9ea18,0x00000000a4f80000)
 Metaspace       used 30104K, capacity 30776K, committed 30848K, reserved 1075200K
  class space    used 4270K, capacity 4465K, committed 4480K, reserved 1048576K
Event: 11.949 GC heap after
Heap after GC invocations=6 (full 1):
 PSYoungGen      total 100864K, used 7656K [0x00000000e0000000, 0x00000000ead80000, 0x0000000100000000)
  eden space 93184K, 0% used [0x00000000e0000000,0x00000000e0000000,0x00000000e5b00000)
  from space 7680K, 99% used [0x00000000e5b00000,0x00000000e627a020,0x00000000e6280000)
  to   space 13312K, 0% used [0x00000000ea080000,0x00000000ea080000,0x00000000ead80000)
 ParOldGen       total 81408K, used 13119K [0x00000000a0000000, 0x00000000a4f80000, 0x00000000e0000000)
  object space 81408K, 16% used [0x00000000a0000000,0x00000000a0ccfe90,0x00000000a4f80000)
 Metaspace       used 30104K, capacity 30776K, committed 30848K, reserved 1075200K
  class space    used 4270K, capacity 4465K, committed 4480K, reserved 1048576K
}
Event: 15.053 GC heap before
{Heap before GC invocations=7 (full 1):
 PSYoungGen      total 100864K, used 95787K [0x00000000e0000000, 0x00000000ead80000, 0x0000000100000000)
  eden space 93184K, 94% used [0x00000000e0000000,0x00000000e5610f48,0x00000000e5b00000)
  from space 7680K, 99% used [0x00000000e5b00000,0x00000000e627a020,0x00000000e6280000)
  to   space 13312K, 0% used [0x00000000ea080000,0x00000000ea080000,0x00000000ead80000)
 ParOldGen       total 81408K, used 13119K [0x00000000a0000000, 0x00000000a4f80000, 0x00000000e0000000)
  object space 81408K, 16% used [0x00000000a0000000,0x00000000a0ccfe90,0x00000000a4f80000)
 Metaspace       used 34438K, capacity 35290K, committed 35416K, reserved 1079296K
  class space    used 4870K, capacity 5089K, committed 5120K, reserved 1048576K
Event: 15.107 GC heap after
Heap after GC invocations=7 (full 1):
 PSYoungGen      total 162816K, used 12094K [0x00000000e0000000, 0x00000000eb180000, 0x0000000100000000)
  eden space 149504K, 0% used [0x00000000e0000000,0x00000000e0000000,0x00000000e9200000)
  from space 13312K, 90% used [0x00000000ea080000,0x00000000eac4f978,0x00000000ead80000)
  to   space 14848K, 0% used [0x00000000e9200000,0x00000000e9200000,0x00000000ea080000)
 ParOldGen       total 81408K, used 13127K [0x00000000a0000000, 0x00000000a4f80000, 0x00000000e0000000)
  object space 81408K, 16% used [0x00000000a0000000,0x00000000a0cd1e90,0x00000000a4f80000)
 Metaspace       used 34438K, capacity 35290K, committed 35416K, reserved 1079296K
  class space    used 4870K, capacity 5089K, committed 5120K, reserved 1048576K
}
Event: 15.107 GC heap before
{Heap before GC invocations=8 (full 2):
 PSYoungGen      total 162816K, used 12094K [0x00000000e0000000, 0x00000000eb180000, 0x0000000100000000)
  eden space 149504K, 0% used [0x00000000e0000000,0x00000000e0000000,0x00000000e9200000)
  from space 13312K, 90% used [0x00000000ea080000,0x00000000eac4f978,0x00000000ead80000)
  to   space 14848K, 0% used [0x00000000e9200000,0x00000000e9200000,0x00000000ea080000)
 ParOldGen       total 81408K, used 13127K [0x00000000a0000000, 0x00000000a4f80000, 0x00000000e0000000)
  object space 81408K, 16% used [0x00000000a0000000,0x00000000a0cd1e90,0x00000000a4f80000)
 Metaspace       used 34438K, capacity 35290K, committed 35416K, reserved 1079296K
  class space    used 4870K, capacity 5089K, committed 5120K, reserved 1048576K
Event: 15.361 GC heap after
Heap after GC invocations=8 (full 2):
 PSYoungGen      total 162816K, used 0K [0x00000000e0000000, 0x00000000eb180000, 0x0000000100000000)
  eden space 149504K, 0% used [0x00000000e0000000,0x00000000e0000000,0x00000000e9200000)
  from space 13312K, 0% used [0x00000000ea080000,0x00000000ea080000,0x00000000ead80000)
  to   space 14848K, 0% used [0x00000000e9200000,0x00000000e9200000,0x00000000ea080000)
 ParOldGen       total 81408K, used 19457K [0x00000000a0000000, 0x00000000a4f80000, 0x00000000e0000000)
  object space 81408K, 23% used [0x00000000a0000000,0x00000000a1300790,0x00000000a4f80000)
 Metaspace       used 34438K, capacity 35290K, committed 35416K, reserved 1079296K
  class space    used 4870K, capacity 5089K, committed 5120K, reserved 1048576K
}
Event: 21.477 GC heap before
{Heap before GC invocations=9 (full 2):
 PSYoungGen      total 162816K, used 149504K [0x00000000e0000000, 0x00000000eb180000, 0x0000000100000000)
  eden space 149504K, 100% used [0x00000000e0000000,0x00000000e9200000,0x00000000e9200000)
  from space 13312K, 0% used [0x00000000ea080000,0x00000000ea080000,0x00000000ead80000)
  to   space 14848K, 0% used [0x00000000e9200000,0x00000000e9200000,0x00000000ea080000)
 ParOldGen       total 81408K, used 19457K [0x00000000a0000000, 0x00000000a4f80000, 0x00000000e0000000)
  object space 81408K, 23% used [0x00000000a0000000,0x00000000a1300790,0x00000000a4f80000)
 Metaspace       used 47098K, capacity 48306K, committed 48512K, reserved 1091584K
  class space    used 6474K, capacity 6777K, committed 6784K, reserved 1048576K
Event: 21.541 GC heap after
Heap after GC invocations=9 (full 2):
 PSYoungGen      total 164352K, used 14836K [0x00000000e0000000, 0x00000000eb180000, 0x0000000100000000)
  eden space 149504K, 0% used [0x00000000e0000000,0x00000000e0000000,0x00000000e9200000)
  from space 14848K, 99% used [0x00000000e9200000,0x00000000ea07d018,0x00000000ea080000)
  to   space 13312K, 0% used [0x00000000ea080000,0x00000000ea080000,0x00000000ead80000)
 ParOldGen       total 81408K, used 24080K [0x00000000a0000000, 0x00000000a4f80000, 0x00000000e0000000)
  object space 81408K, 29% used [0x00000000a0000000,0x00000000a1784370,0x00000000a4f80000)
 Metaspace       used 47098K, capacity 48306K, committed 48512K, reserved 1091584K
  class space    used 6474K, capacity 6777K, committed 6784K, reserved 1048576K
}

